# JRE version: OpenJDK Runtime Environment (8.0_152-b11) (build 1.8.0_152-release-1024-b11)
# Java VM: OpenJDK Server VM (25.152-b11 mixed mode windows-x86 )
Heap:
 PSYoungGen      total 55040K, used 14048K [0x41ec0000, 0x46100000, 0x57400000)
  eden space 47616K, 13% used [0x41ec0000,0x4253bad8,0x44d40000)
  from space 7424K, 99% used [0x459c0000,0x460fc660,0x46100000)
  to   space 5376K, 0% used [0x44d40000,0x44d40000,0x45280000)
 ParOldGen       total 37888K, used 31037K [0x17400000, 0x19900000, 0x41ec0000)
  object space 37888K, 81% used [0x17400000,0x1924f760,0x19900000)
 Metaspace       used 29343K, capacity 30272K, committed 30336K, reserved 31104K
GC Heap History (10 events):
Event: 64.268 GC heap before
{Heap before GC invocations=38 (full 2):
 PSYoungGen      total 43008K, used 39184K [0x41ec0000, 0x45280000, 0x57400000)
  eden space 38144K, 100% used [0x41ec0000,0x44400000,0x44400000)
  from space 4864K, 21% used [0x44400000,0x44504000,0x448c0000)
  to   space 4864K, 0% used [0x44dc0000,0x44dc0000,0x45280000)
 ParOldGen       total 37888K, used 25245K [0x17400000, 0x19900000, 0x41ec0000)
  object space 37888K, 66% used [0x17400000,0x18ca75e0,0x19900000)
 Metaspace       used 27565K, capacity 28393K, committed 28416K, reserved 29056K
Event: 64.280 GC heap after
Heap after GC invocations=38 (full 2):
 PSYoungGen      total 47104K, used 1000K [0x41ec0000, 0x45200000, 0x57400000)
  eden space 42752K, 0% used [0x41ec0000,0x41ec0000,0x44880000)
  from space 4352K, 22% used [0x44dc0000,0x44eba050,0x45200000)
  to   space 4864K, 0% used [0x44880000,0x44880000,0x44d40000)
 ParOldGen       total 37888K, used 26155K [0x17400000, 0x19900000, 0x41ec0000)
  object space 37888K, 69% used [0x17400000,0x18d8ac98,0x19900000)
 Metaspace       used 27565K, capacity 28393K, committed 28416K, reserved 29056K
}
Event: 66.679 GC heap before
{Heap before GC invocations=39 (full 2):
 PSYoungGen      total 47104K, used 43752K [0x41ec0000, 0x45200000, 0x57400000)
  eden space 42752K, 100% used [0x41ec0000,0x44880000,0x44880000)
  from space 4352K, 22% used [0x44dc0000,0x44eba050,0x45200000)
  to   space 4864K, 0% used [0x44880000,0x44880000,0x44d40000)
 ParOldGen       total 37888K, used 26155K [0x17400000, 0x19900000, 0x41ec0000)
  object space 37888K, 69% used [0x17400000,0x18d8ac98,0x19900000)
 Metaspace       used 27938K, capacity 28778K, committed 28800K, reserved 29056K
Event: 66.699 GC heap after
Heap after GC invocations=39 (full 2):
 PSYoungGen      total 47616K, used 3502K [0x41ec0000, 0x45780000, 0x57400000)
  eden space 42752K, 0% used [0x41ec0000,0x41ec0000,0x44880000)
  from space 4864K, 72% used [0x44880000,0x44bebb50,0x44d40000)
  to   space 5120K, 0% used [0x45280000,0x45280000,0x45780000)
 ParOldGen       total 37888K, used 26159K [0x17400000, 0x19900000, 0x41ec0000)
  object space 37888K, 69% used [0x17400000,0x18d8bc98,0x19900000)
 Metaspace       used 27938K, capacity 28778K, committed 28800K, reserved 29056K
}
Event: 71.431 GC heap before
{Heap before GC invocations=40 (full 2):
 PSYoungGen      total 47616K, used 46254K [0x41ec0000, 0x45780000, 0x57400000)
  eden space 42752K, 100% used [0x41ec0000,0x44880000,0x44880000)
  from space 4864K, 72% used [0x44880000,0x44bebb50,0x44d40000)
  to   space 5120K, 0% used [0x45280000,0x45280000,0x45780000)
 ParOldGen       total 37888K, used 26159K [0x17400000, 0x19900000, 0x41ec0000)
  object space 37888K, 69% used [0x17400000,0x18d8bc98,0x19900000)
 Metaspace       used 28158K, capacity 29008K, committed 29056K, reserved 29056K
Event: 71.465 GC heap after
Heap after GC invocations=40 (full 2):
 PSYoungGen      total 52736K, used 3856K [0x41ec0000, 0x457c0000, 0x57400000)
  eden space 47616K, 0% used [0x41ec0000,0x41ec0000,0x44d40000)
  from space 5120K, 75% used [0x45280000,0x45644000,0x45780000)
  to   space 5376K, 0% used [0x44d40000,0x44d40000,0x45280000)
 ParOldGen       total 37888K, used 26163K [0x17400000, 0x19900000, 0x41ec0000)
  object space 37888K, 69% used [0x17400000,0x18d8cc98,0x19900000)
 Metaspace       used 28158K, capacity 29008K, committed 29056K, reserved 29056K
}
Event: 80.216 GC heap before
{Heap before GC invocations=41 (full 2):
 PSYoungGen      total 52736K, used 51472K [0x41ec0000, 0x457c0000, 0x57400000)
  eden space 47616K, 100% used [0x41ec0000,0x44d40000,0x44d40000)
  from space 5120K, 75% used [0x45280000,0x45644000,0x45780000)
  to   space 5376K, 0% used [0x44d40000,0x44d40000,0x45280000)
 ParOldGen       total 37888K, used 26163K [0x17400000, 0x19900000, 0x41ec0000)
  object space 37888K, 69% used [0x17400000,0x18d8cc98,0x19900000)
 Metaspace       used 28945K, capacity 29818K, committed 29824K, reserved 30080K
Event: 80.277 GC heap after
Heap after GC invocations=41 (full 2):
 PSYoungGen      total 52992K, used 5376K [0x41ec0000, 0x46100000, 0x57400000)
  eden space 47616K, 0% used [0x41ec0000,0x41ec0000,0x44d40000)
  from space 5376K, 100% used [0x44d40000,0x45280000,0x45280000)
  to   space 7424K, 0% used [0x459c0000,0x459c0000,0x46100000)
 ParOldGen       total 37888K, used 29292K [0x17400000, 0x19900000, 0x41ec0000)
  object space 37888K, 77% used [0x17400000,0x1909b180,0x19900000)
 Metaspace       used 28945K, capacity 29818K, committed 29824K, reserved 30080K
}
Event: 82.287 GC heap before
{Heap before GC invocations=42 (full 2):
 PSYoungGen      total 52992K, used 52992K [0x41ec0000, 0x46100000, 0x57400000)
  eden space 47616K, 100% used [0x41ec0000,0x44d40000,0x44d40000)
  from space 5376K, 100% used [0x44d40000,0x45280000,0x45280000)
  to   space 7424K, 0% used [0x459c0000,0x459c0000,0x46100000)
 ParOldGen       total 37888K, used 29292K [0x17400000, 0x19900000, 0x41ec0000)
  object space 37888K, 77% used [0x17400000,0x1909b180,0x19900000)
 Metaspace       used 29311K, capacity 30205K, committed 30208K, reserved 31104K
Event: 82.353 GC heap after
Heap after GC invocations=42 (full 2):
 PSYoungGen      total 55040K, used 7409K [0x41ec0000, 0x46100000, 0x57400000)
  eden space 47616K, 0% used [0x41ec0000,0x41ec0000,0x44d40000)
  from space 7424K, 99% used [0x459c0000,0x460fc660,0x46100000)
  to   space 5376K, 0% used [0x44d40000,0x44d40000,0x45280000)
 ParOldGen       total 37888K, used 31037K [0x17400000, 0x19900000, 0x41ec0000)
  object space 37888K, 81% used [0x17400000,0x1924f760,0x19900000)
 Metaspace       used 29311K, capacity 30205K, committed 30208K, reserved 31104K
}

